<?xml version="1.0" encoding="UTF-8" standalone="yes"?><!DOCTYPE report PUBLIC "-//JACOCO//DTD Report 1.1//EN" "report.dtd"><report name="FinalJavaFxJunit"><sessioninfo id="LAPTOP-80G3K570-2e9179e4" start="1736701199015" dump="1736701233233"/><package name="com/example/finaljavafxjunit"><class name="com/example/finaljavafxjunit/InfoController" sourcefilename="InfoController.java"><method name="&lt;init&gt;" desc="()V" line="25"><counter type="INSTRUCTION" missed="8" covered="0"/><counter type="LINE" missed="2" covered="0"/><counter type="COMPLEXITY" missed="1" covered="0"/><counter type="METHOD" missed="1" covered="0"/></method><method name="initPropertyInfo" desc="()V" line="61"><counter type="INSTRUCTION" missed="22" covered="0"/><counter type="LINE" missed="11" covered="0"/><counter type="COMPLEXITY" missed="1" covered="0"/><counter type="METHOD" missed="1" covered="0"/></method><method name="setXProxyProperties" desc="()V" line="74"><counter type="INSTRUCTION" missed="22" covered="0"/><counter type="LINE" missed="4" covered="0"/><counter type="COMPLEXITY" missed="1" covered="0"/><counter type="METHOD" missed="1" covered="0"/></method><method name="setDataServerProperties" desc="()V" line="79"><counter type="INSTRUCTION" missed="43" covered="0"/><counter type="LINE" missed="7" covered="0"/><counter type="COMPLEXITY" missed="1" covered="0"/><counter type="METHOD" missed="1" covered="0"/></method><method name="setJmsSafeProperties" desc="()V" line="87"><counter type="INSTRUCTION" missed="15" covered="0"/><counter type="LINE" missed="3" covered="0"/><counter type="COMPLEXITY" missed="1" covered="0"/><counter type="METHOD" missed="1" covered="0"/></method><method name="setJmsProviderProperties" desc="()V" line="91"><counter type="INSTRUCTION" missed="43" covered="0"/><counter type="LINE" missed="7" covered="0"/><counter type="COMPLEXITY" missed="1" covered="0"/><counter type="METHOD" missed="1" covered="0"/></method><method name="setButtonActions" desc="()V" line="99"><counter type="INSTRUCTION" missed="11" covered="0"/><counter type="LINE" missed="3" covered="0"/><counter type="COMPLEXITY" missed="1" covered="0"/><counter type="METHOD" missed="1" covered="0"/></method><method name="handleLoadPropertiesError" desc="(Ljava/lang/Exception;)V" line="104"><counter type="INSTRUCTION" missed="13" covered="0"/><counter type="LINE" missed="3" covered="0"/><counter type="COMPLEXITY" missed="1" covered="0"/><counter type="METHOD" missed="1" covered="0"/></method><method name="handleInitializeError" desc="(Ljava/lang/Exception;)V" line="108"><counter type="INSTRUCTION" missed="13" covered="0"/><counter type="LINE" missed="3" covered="0"/><counter type="COMPLEXITY" missed="1" covered="0"/><counter type="METHOD" missed="1" covered="0"/></method><method name="loadPropertiesFromFile" desc="()V" line="112"><counter type="INSTRUCTION" missed="44" covered="0"/><counter type="BRANCH" missed="2" covered="0"/><counter type="LINE" missed="11" covered="0"/><counter type="COMPLEXITY" missed="2" covered="0"/><counter type="METHOD" missed="1" covered="0"/></method><method name="decrypt" desc="(Ljava/lang/String;)Ljava/util/Properties;" line="169"><counter type="INSTRUCTION" missed="37" covered="0"/><counter type="LINE" missed="10" covered="0"/><counter type="COMPLEXITY" missed="1" covered="0"/><counter type="METHOD" missed="1" covered="0"/></method><method name="generateSecretKey" desc="()Ljavax/crypto/SecretKey;" line="185"><counter type="INSTRUCTION" missed="24" covered="0"/><counter type="LINE" missed="4" covered="0"/><counter type="COMPLEXITY" missed="1" covered="0"/><counter type="METHOD" missed="1" covered="0"/></method><method name="performDecryption" desc="(Ljavax/crypto/SecretKey;[B[B)[B" line="191"><counter type="INSTRUCTION" missed="16" covered="0"/><counter type="LINE" missed="3" covered="0"/><counter type="COMPLEXITY" missed="1" covered="0"/><counter type="METHOD" missed="1" covered="0"/></method><method name="loadProperties" desc="(Ljava/util/Properties;[B)V" line="196"><counter type="INSTRUCTION" missed="7" covered="0"/><counter type="LINE" missed="2" covered="0"/><counter type="COMPLEXITY" missed="1" covered="0"/><counter type="METHOD" missed="1" covered="0"/></method><method name="handleDecryptionError" desc="(Ljava/lang/Exception;)V" line="199"><counter type="INSTRUCTION" missed="14" covered="0"/><counter type="LINE" missed="3" covered="0"/><counter type="COMPLEXITY" missed="1" covered="0"/><counter type="METHOD" missed="1" covered="0"/></method><method name="showAndWaitAlert" desc="(Ljavafx/scene/control/Alert$AlertType;Ljava/lang/String;Ljava/lang/String;Ljava/lang/String;)V" line="204"><counter type="INSTRUCTION" missed="11" covered="0"/><counter type="LINE" missed="3" covered="0"/><counter type="COMPLEXITY" missed="1" covered="0"/><counter type="METHOD" missed="1" covered="0"/></method><method name="createAlert" desc="(Ljavafx/scene/control/Alert$AlertType;Ljava/lang/String;Ljava/lang/String;Ljava/lang/String;)Ljavafx/scene/control/Alert;" line="209"><counter type="INSTRUCTION" missed="16" covered="0"/><counter type="LINE" missed="5" covered="0"/><counter type="COMPLEXITY" missed="1" covered="0"/><counter type="METHOD" missed="1" covered="0"/></method><method name="setMainApplicationController" desc="(Lcom/example/finaljavafxjunit/Controller;)V" line="216"><counter type="INSTRUCTION" missed="4" covered="0"/><counter type="LINE" missed="2" covered="0"/><counter type="COMPLEXITY" missed="1" covered="0"/><counter type="METHOD" missed="1" covered="0"/></method><method name="returnToMain" desc="()V" line="221"><counter type="INSTRUCTION" missed="9" covered="0"/><counter type="LINE" missed="3" covered="0"/><counter type="COMPLEXITY" missed="1" covered="0"/><counter type="METHOD" missed="1" covered="0"/></method><method name="lambda$setButtonActions$1" desc="(Ljavafx/event/ActionEvent;)V" line="100"><counter type="INSTRUCTION" missed="3" covered="0"/><counter type="LINE" missed="1" covered="0"/><counter type="COMPLEXITY" missed="1" covered="0"/><counter type="METHOD" missed="1" covered="0"/></method><method name="lambda$setButtonActions$0" desc="(Ljavafx/event/ActionEvent;)V" line="99"><counter type="INSTRUCTION" missed="3" covered="0"/><counter type="LINE" missed="1" covered="0"/><counter type="COMPLEXITY" missed="1" covered="0"/><counter type="METHOD" missed="1" covered="0"/></method><method name="&lt;clinit&gt;" desc="()V" line="57"><counter type="INSTRUCTION" missed="5" covered="0"/><counter type="LINE" missed="1" covered="0"/><counter type="COMPLEXITY" missed="1" covered="0"/><counter type="METHOD" missed="1" covered="0"/></method><counter type="INSTRUCTION" missed="383" covered="0"/><counter type="BRANCH" missed="2" covered="0"/><counter type="LINE" missed="90" covered="0"/><counter type="COMPLEXITY" missed="23" covered="0"/><counter type="METHOD" missed="22" covered="0"/><counter type="CLASS" missed="1" covered="0"/></class><class name="com/example/finaljavafxjunit/Launcher" sourcefilename="Launcher.java"><method name="&lt;init&gt;" desc="()V" line="3"><counter type="INSTRUCTION" missed="3" covered="0"/><counter type="LINE" missed="1" covered="0"/><counter type="COMPLEXITY" missed="1" covered="0"/><counter type="METHOD" missed="1" covered="0"/></method><method name="main" desc="([Ljava/lang/String;)V" line="10"><counter type="INSTRUCTION" missed="9" covered="0"/><counter type="LINE" missed="3" covered="0"/><counter type="COMPLEXITY" missed="1" covered="0"/><counter type="METHOD" missed="1" covered="0"/></method><counter type="INSTRUCTION" missed="12" covered="0"/><counter type="LINE" missed="4" covered="0"/><counter type="COMPLEXITY" missed="2" covered="0"/><counter type="METHOD" missed="2" covered="0"/><counter type="CLASS" missed="1" covered="0"/></class><class name="com/example/finaljavafxjunit/ApplicationLauncher" sourcefilename="ApplicationLauncher.java"/><class name="com/example/finaljavafxjunit/Controller" sourcefilename="Controller.java"><method name="&lt;init&gt;" desc="()V" line="30"><counter type="INSTRUCTION" missed="0" covered="8"/><counter type="LINE" missed="0" covered="2"/><counter type="COMPLEXITY" missed="0" covered="1"/><counter type="METHOD" missed="0" covered="1"/></method><method name="initialize" desc="(Ljava/net/URL;Ljava/util/ResourceBundle;)V" line="74"><counter type="INSTRUCTION" missed="4" covered="73"/><counter type="LINE" missed="2" covered="12"/><counter type="COMPLEXITY" missed="0" covered="1"/><counter type="METHOD" missed="0" covered="1"/></method><method name="handleInitializeException" desc="(Ljava/lang/Exception;)V" line="97"><counter type="INSTRUCTION" missed="13" covered="0"/><counter type="LINE" missed="3" covered="0"/><counter type="COMPLEXITY" missed="1" covered="0"/><counter type="METHOD" missed="1" covered="0"/></method><method name="setXProxyProperties" desc="(Ljavafx/scene/control/TextField;Ljavafx/scene/control/TextField;Ljavafx/scene/control/TextField;Ljava/lang/String;Ljava/lang/String;Ljava/lang/String;)V" line="103"><counter type="INSTRUCTION" missed="0" covered="34"/><counter type="LINE" missed="0" covered="7"/><counter type="COMPLEXITY" missed="0" covered="1"/><counter type="METHOD" missed="0" covered="1"/></method><method name="setDataServerProperties" desc="(Ljavafx/scene/control/TextField;Ljavafx/scene/control/TextField;Ljavafx/scene/control/TextField;Ljavafx/scene/control/TextField;Ljavafx/scene/control/TextField;Ljavafx/scene/control/TextField;Ljava/lang/String;Ljava/lang/String;Ljava/lang/String;Ljava/lang/String;Ljava/lang/String;Ljava/lang/String;)V" line="116"><counter type="INSTRUCTION" missed="0" covered="67"/><counter type="LINE" missed="0" covered="13"/><counter type="COMPLEXITY" missed="0" covered="1"/><counter type="METHOD" missed="0" covered="1"/></method><method name="setJmsSafeProperties" desc="(Ljavafx/scene/control/TextField;Ljavafx/scene/control/TextField;Ljava/lang/String;Ljava/lang/String;)V" line="132"><counter type="INSTRUCTION" missed="0" covered="23"/><counter type="LINE" missed="0" covered="5"/><counter type="COMPLEXITY" missed="0" covered="1"/><counter type="METHOD" missed="0" covered="1"/></method><method name="setJmsProviderProperties" desc="(Ljavafx/scene/control/TextField;Ljavafx/scene/control/TextField;Ljavafx/scene/control/TextField;Ljavafx/scene/control/TextField;Ljavafx/scene/control/TextField;Ljavafx/scene/control/TextField;Ljava/lang/String;Ljava/lang/String;Ljava/lang/String;Ljava/lang/String;Ljava/lang/String;Ljava/lang/String;)V" line="142"><counter type="INSTRUCTION" missed="0" covered="67"/><counter type="LINE" missed="0" covered="13"/><counter type="COMPLEXITY" missed="0" covered="1"/><counter type="METHOD" missed="0" covered="1"/></method><method name="setStyleClassAndEditable" desc="(Ljavafx/scene/control/TextField;Z)V" line="158"><counter type="INSTRUCTION" missed="0" covered="9"/><counter type="LINE" missed="0" covered="3"/><counter type="COMPLEXITY" missed="0" covered="1"/><counter type="METHOD" missed="0" covered="1"/></method><method name="setButtonActions" desc="()V" line="162"><counter type="INSTRUCTION" missed="0" covered="6"/><counter type="LINE" missed="0" covered="2"/><counter type="COMPLEXITY" missed="0" covered="1"/><counter type="METHOD" missed="0" covered="1"/></method><method name="dataCheckXProxy" desc="()V" line="168"><counter type="INSTRUCTION" missed="0" covered="16"/><counter type="LINE" missed="0" covered="4"/><counter type="COMPLEXITY" missed="0" covered="1"/><counter type="METHOD" missed="0" covered="1"/></method><method name="dataCheckDataServer" desc="()V" line="187"><counter type="INSTRUCTION" missed="0" covered="31"/><counter type="LINE" missed="0" covered="7"/><counter type="COMPLEXITY" missed="0" covered="1"/><counter type="METHOD" missed="0" covered="1"/></method><method name="dataCheckJmsSafe" desc="()V" line="221"><counter type="INSTRUCTION" missed="0" covered="11"/><counter type="LINE" missed="0" covered="3"/><counter type="COMPLEXITY" missed="0" covered="1"/><counter type="METHOD" missed="0" covered="1"/></method><method name="dataCheckJmsProvider" desc="()V" line="235"><counter type="INSTRUCTION" missed="0" covered="31"/><counter type="LINE" missed="0" covered="7"/><counter type="COMPLEXITY" missed="0" covered="1"/><counter type="METHOD" missed="0" covered="1"/></method><method name="saveDataProperties" desc="()V" line="269"><counter type="INSTRUCTION" missed="260" covered="97"/><counter type="BRANCH" missed="9" covered="1"/><counter type="LINE" missed="37" covered="3"/><counter type="COMPLEXITY" missed="5" covered="1"/><counter type="METHOD" missed="0" covered="1"/></method><method name="areTextFieldsEmpty" desc="([Ljavafx/scene/control/TextField;)Z" line="329"><counter type="INSTRUCTION" missed="0" covered="24"/><counter type="BRANCH" missed="0" covered="4"/><counter type="LINE" missed="0" covered="4"/><counter type="COMPLEXITY" missed="0" covered="3"/><counter type="METHOD" missed="0" covered="1"/></method><method name="areTextFieldsValidString" desc="([Ljava/lang/String;)Z" line="338"><counter type="INSTRUCTION" missed="0" covered="24"/><counter type="BRANCH" missed="0" covered="4"/><counter type="LINE" missed="0" covered="4"/><counter type="COMPLEXITY" missed="0" covered="3"/><counter type="METHOD" missed="0" covered="1"/></method><method name="areTextFieldsValidApi" desc="([Ljava/lang/String;)Z" line="346"><counter type="INSTRUCTION" missed="24" covered="0"/><counter type="BRANCH" missed="4" covered="0"/><counter type="LINE" missed="4" covered="0"/><counter type="COMPLEXITY" missed="3" covered="0"/><counter type="METHOD" missed="1" covered="0"/></method><method name="areTextFieldsValidInteger" desc="([Ljava/lang/String;)Z" line="354"><counter type="INSTRUCTION" missed="0" covered="24"/><counter type="BRANCH" missed="0" covered="4"/><counter type="LINE" missed="0" covered="4"/><counter type="COMPLEXITY" missed="0" covered="3"/><counter type="METHOD" missed="0" covered="1"/></method><method name="areTextFieldsValidInterval" desc="([Ljava/lang/String;)Z" line="362"><counter type="INSTRUCTION" missed="24" covered="0"/><counter type="BRANCH" missed="4" covered="0"/><counter type="LINE" missed="4" covered="0"/><counter type="COMPLEXITY" missed="3" covered="0"/><counter type="METHOD" missed="1" covered="0"/></method><method name="isValidString" desc="(Ljava/lang/String;)Z" line="373"><counter type="INSTRUCTION" missed="0" covered="8"/><counter type="BRANCH" missed="0" covered="2"/><counter type="LINE" missed="0" covered="1"/><counter type="COMPLEXITY" missed="0" covered="2"/><counter type="METHOD" missed="0" covered="1"/></method><method name="isValidApi" desc="(Ljava/lang/String;)Z" line="377"><counter type="INSTRUCTION" missed="8" covered="0"/><counter type="BRANCH" missed="2" covered="0"/><counter type="LINE" missed="1" covered="0"/><counter type="COMPLEXITY" missed="2" covered="0"/><counter type="METHOD" missed="1" covered="0"/></method><method name="isValidInteger" desc="(Ljava/lang/String;)Z" line="383"><counter type="INSTRUCTION" missed="0" covered="16"/><counter type="BRANCH" missed="1" covered="3"/><counter type="LINE" missed="0" covered="4"/><counter type="COMPLEXITY" missed="1" covered="2"/><counter type="METHOD" missed="0" covered="1"/></method><method name="parseInt" desc="(Ljava/lang/String;)I" line="393"><counter type="INSTRUCTION" missed="0" covered="3"/><counter type="LINE" missed="0" covered="1"/><counter type="COMPLEXITY" missed="0" covered="1"/><counter type="METHOD" missed="0" covered="1"/></method><method name="isValidInterval" desc="(Ljava/lang/String;)Z" line="400"><counter type="INSTRUCTION" missed="15" covered="0"/><counter type="BRANCH" missed="4" covered="0"/><counter type="LINE" missed="4" covered="0"/><counter type="COMPLEXITY" missed="3" covered="0"/><counter type="METHOD" missed="1" covered="0"/></method><method name="saveJmsProperties" desc="()V" line="413"><counter type="INSTRUCTION" missed="183" covered="0"/><counter type="BRANCH" missed="6" covered="0"/><counter type="LINE" missed="24" covered="0"/><counter type="COMPLEXITY" missed="4" covered="0"/><counter type="METHOD" missed="1" covered="0"/></method><method name="encrypt" desc="(Ljava/lang/String;)Ljava/lang/String;" line="453"><counter type="INSTRUCTION" missed="5" covered="28"/><counter type="LINE" missed="2" covered="8"/><counter type="COMPLEXITY" missed="0" covered="1"/><counter type="METHOD" missed="0" covered="1"/></method><method name="performEncryption" desc="(Ljava/lang/String;Ljavax/crypto/SecretKey;[B)[B" line="475"><counter type="INSTRUCTION" missed="0" covered="17"/><counter type="LINE" missed="0" covered="3"/><counter type="COMPLEXITY" missed="0" covered="1"/><counter type="METHOD" missed="0" covered="1"/></method><method name="combineIVAndEncryptedData" desc="([B[B)[B" line="482"><counter type="INSTRUCTION" missed="24" covered="0"/><counter type="LINE" missed="4" covered="0"/><counter type="COMPLEXITY" missed="1" covered="0"/><counter type="METHOD" missed="1" covered="0"/></method><method name="handleEncryptionException" desc="(Ljava/lang/Exception;)V" line="488"><counter type="INSTRUCTION" missed="8" covered="6"/><counter type="LINE" missed="2" covered="1"/><counter type="COMPLEXITY" missed="0" covered="1"/><counter type="METHOD" missed="0" covered="1"/></method><method name="generateSecretKey" desc="()Ljavax/crypto/SecretKey;" line="492"><counter type="INSTRUCTION" missed="0" covered="24"/><counter type="LINE" missed="0" covered="4"/><counter type="COMPLEXITY" missed="0" covered="1"/><counter type="METHOD" missed="0" covered="1"/></method><method name="decrypt" desc="(Ljava/lang/String;)Ljava/util/Properties;" line="500"><counter type="INSTRUCTION" missed="4" covered="33"/><counter type="LINE" missed="2" covered="8"/><counter type="COMPLEXITY" missed="0" covered="1"/><counter type="METHOD" missed="0" covered="1"/></method><method name="performDecryption" desc="(Ljavax/crypto/SecretKey;[B[B)[B" line="517"><counter type="INSTRUCTION" missed="0" covered="16"/><counter type="LINE" missed="0" covered="3"/><counter type="COMPLEXITY" missed="0" covered="1"/><counter type="METHOD" missed="0" covered="1"/></method><method name="loadProperties" desc="(Ljava/util/Properties;[B)V" line="523"><counter type="INSTRUCTION" missed="0" covered="7"/><counter type="LINE" missed="0" covered="2"/><counter type="COMPLEXITY" missed="0" covered="1"/><counter type="METHOD" missed="0" covered="1"/></method><method name="handleDecryptionException" desc="(Ljava/lang/Exception;)V" line="527"><counter type="INSTRUCTION" missed="14" covered="0"/><counter type="LINE" missed="3" covered="0"/><counter type="COMPLEXITY" missed="1" covered="0"/><counter type="METHOD" missed="1" covered="0"/></method><method name="showAndWaitAlert" desc="(Ljavafx/scene/control/Alert$AlertType;Ljava/lang/String;Ljava/lang/String;Ljava/lang/String;)V" line="541"><counter type="INSTRUCTION" missed="4" covered="7"/><counter type="LINE" missed="2" covered="1"/><counter type="COMPLEXITY" missed="0" covered="1"/><counter type="METHOD" missed="0" covered="1"/></method><method name="createAlert" desc="(Ljavafx/scene/control/Alert$AlertType;Ljava/lang/String;Ljava/lang/String;Ljava/lang/String;)Ljavafx/scene/control/Alert;" line="546"><counter type="INSTRUCTION" missed="0" covered="16"/><counter type="LINE" missed="0" covered="5"/><counter type="COMPLEXITY" missed="0" covered="1"/><counter type="METHOD" missed="0" covered="1"/></method><method name="savePropertiesToFile" desc="()V" line="554"><counter type="INSTRUCTION" missed="35" covered="0"/><counter type="LINE" missed="11" covered="0"/><counter type="COMPLEXITY" missed="1" covered="0"/><counter type="METHOD" missed="1" covered="0"/></method><method name="handleSavePropertiesException" desc="(Ljava/lang/Exception;)V" line="570"><counter type="INSTRUCTION" missed="14" covered="0"/><counter type="LINE" missed="3" covered="0"/><counter type="COMPLEXITY" missed="1" covered="0"/><counter type="METHOD" missed="1" covered="0"/></method><method name="loadPropertiesFromFile" desc="()V" line="574"><counter type="INSTRUCTION" missed="4" covered="67"/><counter type="BRANCH" missed="0" covered="4"/><counter type="LINE" missed="2" covered="14"/><counter type="COMPLEXITY" missed="0" covered="3"/><counter type="METHOD" missed="0" covered="1"/></method><method name="handleLoadPropertiesException" desc="(Ljava/lang/Exception;)V" line="598"><counter type="INSTRUCTION" missed="13" covered="0"/><counter type="LINE" missed="3" covered="0"/><counter type="COMPLEXITY" missed="1" covered="0"/><counter type="METHOD" missed="1" covered="0"/></method><method name="readDataOnly" desc="()V" line="602"><counter type="INSTRUCTION" missed="99" covered="0"/><counter type="BRANCH" missed="4" covered="0"/><counter type="LINE" missed="11" covered="0"/><counter type="COMPLEXITY" missed="3" covered="0"/><counter type="METHOD" missed="1" covered="0"/></method><method name="readJmsOnly" desc="()V" line="616"><counter type="INSTRUCTION" missed="66" covered="0"/><counter type="BRANCH" missed="4" covered="0"/><counter type="LINE" missed="9" covered="0"/><counter type="COMPLEXITY" missed="3" covered="0"/><counter type="METHOD" missed="1" covered="0"/></method><method name="toggleDataEditableFields" desc="([Ljavafx/scene/control/TextField;)V" line="629"><counter type="INSTRUCTION" missed="33" covered="0"/><counter type="BRANCH" missed="4" covered="0"/><counter type="LINE" missed="6" covered="0"/><counter type="COMPLEXITY" missed="3" covered="0"/><counter type="METHOD" missed="1" covered="0"/></method><method name="toggleJmsEditableFields" desc="([Ljavafx/scene/control/TextField;)V" line="639"><counter type="INSTRUCTION" missed="33" covered="0"/><counter type="BRANCH" missed="4" covered="0"/><counter type="LINE" missed="6" covered="0"/><counter type="COMPLEXITY" missed="3" covered="0"/><counter type="METHOD" missed="1" covered="0"/></method><method name="onSaveButtonClick" desc="()V" line="651"><counter type="INSTRUCTION" missed="29" covered="0"/><counter type="LINE" missed="9" covered="0"/><counter type="COMPLEXITY" missed="1" covered="0"/><counter type="METHOD" missed="1" covered="0"/></method><method name="createPropertyInfoStage" desc="()Ljavafx/stage/Stage;" line="664"><counter type="INSTRUCTION" missed="4" covered="0"/><counter type="LINE" missed="1" covered="0"/><counter type="COMPLEXITY" missed="1" covered="0"/><counter type="METHOD" missed="1" covered="0"/></method><method name="createFXMLLoader" desc="()Ljavafx/fxml/FXMLLoader;" line="668"><counter type="INSTRUCTION" missed="8" covered="0"/><counter type="LINE" missed="1" covered="0"/><counter type="COMPLEXITY" missed="1" covered="0"/><counter type="METHOD" missed="1" covered="0"/></method><method name="loadFXML" desc="(Ljavafx/fxml/FXMLLoader;)Ljavafx/scene/Parent;" line="672"><counter type="INSTRUCTION" missed="4" covered="0"/><counter type="LINE" missed="1" covered="0"/><counter type="COMPLEXITY" missed="1" covered="0"/><counter type="METHOD" missed="1" covered="0"/></method><method name="initializeInfoController" desc="(Lcom/example/finaljavafxjunit/InfoController;)V" line="676"><counter type="INSTRUCTION" missed="6" covered="0"/><counter type="LINE" missed="3" covered="0"/><counter type="COMPLEXITY" missed="1" covered="0"/><counter type="METHOD" missed="1" covered="0"/></method><method name="onSaveButtonClick2" desc="()V" line="682"><counter type="INSTRUCTION" missed="37" covered="0"/><counter type="LINE" missed="10" covered="0"/><counter type="COMPLEXITY" missed="1" covered="0"/><counter type="METHOD" missed="1" covered="0"/></method><method name="lambda$dataCheckJmsProvider$17" desc="(Ljavafx/scene/input/KeyEvent;)V" line="261"><counter type="INSTRUCTION" missed="21" covered="0"/><counter type="BRANCH" missed="4" covered="0"/><counter type="LINE" missed="3" covered="0"/><counter type="COMPLEXITY" missed="3" covered="0"/><counter type="METHOD" missed="1" covered="0"/></method><method name="lambda$dataCheckJmsProvider$16" desc="(Ljavafx/scene/input/KeyEvent;)V" line="256"><counter type="INSTRUCTION" missed="21" covered="0"/><counter type="BRANCH" missed="4" covered="0"/><counter type="LINE" missed="3" covered="0"/><counter type="COMPLEXITY" missed="3" covered="0"/><counter type="METHOD" missed="1" covered="0"/></method><method name="lambda$dataCheckJmsProvider$15" desc="(Ljavafx/scene/input/KeyEvent;)V" line="251"><counter type="INSTRUCTION" missed="21" covered="0"/><counter type="BRANCH" missed="4" covered="0"/><counter type="LINE" missed="3" covered="0"/><counter type="COMPLEXITY" missed="3" covered="0"/><counter type="METHOD" missed="1" covered="0"/></method><method name="lambda$dataCheckJmsProvider$14" desc="(Ljavafx/scene/input/KeyEvent;)V" line="246"><counter type="INSTRUCTION" missed="21" covered="0"/><counter type="BRANCH" missed="4" covered="0"/><counter type="LINE" missed="3" covered="0"/><counter type="COMPLEXITY" missed="3" covered="0"/><counter type="METHOD" missed="1" covered="0"/></method><method name="lambda$dataCheckJmsProvider$13" desc="(Ljavafx/scene/input/KeyEvent;)V" line="241"><counter type="INSTRUCTION" missed="21" covered="0"/><counter type="BRANCH" missed="4" covered="0"/><counter type="LINE" missed="3" covered="0"/><counter type="COMPLEXITY" missed="3" covered="0"/><counter type="METHOD" missed="1" covered="0"/></method><method name="lambda$dataCheckJmsProvider$12" desc="(Ljavafx/scene/input/KeyEvent;)V" line="236"><counter type="INSTRUCTION" missed="21" covered="0"/><counter type="BRANCH" missed="4" covered="0"/><counter type="LINE" missed="3" covered="0"/><counter type="COMPLEXITY" missed="3" covered="0"/><counter type="METHOD" missed="1" covered="0"/></method><method name="lambda$dataCheckJmsSafe$11" desc="(Ljavafx/scene/input/KeyEvent;)V" line="227"><counter type="INSTRUCTION" missed="21" covered="0"/><counter type="BRANCH" missed="4" covered="0"/><counter type="LINE" missed="3" covered="0"/><counter type="COMPLEXITY" missed="3" covered="0"/><counter type="METHOD" missed="1" covered="0"/></method><method name="lambda$dataCheckJmsSafe$10" desc="(Ljavafx/scene/input/KeyEvent;)V" line="222"><counter type="INSTRUCTION" missed="21" covered="0"/><counter type="BRANCH" missed="4" covered="0"/><counter type="LINE" missed="3" covered="0"/><counter type="COMPLEXITY" missed="3" covered="0"/><counter type="METHOD" missed="1" covered="0"/></method><method name="lambda$dataCheckDataServer$9" desc="(Ljavafx/scene/input/KeyEvent;)V" line="213"><counter type="INSTRUCTION" missed="21" covered="0"/><counter type="BRANCH" missed="4" covered="0"/><counter type="LINE" missed="3" covered="0"/><counter type="COMPLEXITY" missed="3" covered="0"/><counter type="METHOD" missed="1" covered="0"/></method><method name="lambda$dataCheckDataServer$8" desc="(Ljavafx/scene/input/KeyEvent;)V" line="208"><counter type="INSTRUCTION" missed="21" covered="0"/><counter type="BRANCH" missed="4" covered="0"/><counter type="LINE" missed="3" covered="0"/><counter type="COMPLEXITY" missed="3" covered="0"/><counter type="METHOD" missed="1" covered="0"/></method><method name="lambda$dataCheckDataServer$7" desc="(Ljavafx/scene/input/KeyEvent;)V" line="203"><counter type="INSTRUCTION" missed="21" covered="0"/><counter type="BRANCH" missed="4" covered="0"/><counter type="LINE" missed="3" covered="0"/><counter type="COMPLEXITY" missed="3" covered="0"/><counter type="METHOD" missed="1" covered="0"/></method><method name="lambda$dataCheckDataServer$6" desc="(Ljavafx/scene/input/KeyEvent;)V" line="198"><counter type="INSTRUCTION" missed="21" covered="0"/><counter type="BRANCH" missed="4" covered="0"/><counter type="LINE" missed="3" covered="0"/><counter type="COMPLEXITY" missed="3" covered="0"/><counter type="METHOD" missed="1" covered="0"/></method><method name="lambda$dataCheckDataServer$5" desc="(Ljavafx/scene/input/KeyEvent;)V" line="193"><counter type="INSTRUCTION" missed="21" covered="0"/><counter type="BRANCH" missed="4" covered="0"/><counter type="LINE" missed="3" covered="0"/><counter type="COMPLEXITY" missed="3" covered="0"/><counter type="METHOD" missed="1" covered="0"/></method><method name="lambda$dataCheckDataServer$4" desc="(Ljavafx/scene/input/KeyEvent;)V" line="188"><counter type="INSTRUCTION" missed="21" covered="0"/><counter type="BRANCH" missed="4" covered="0"/><counter type="LINE" missed="3" covered="0"/><counter type="COMPLEXITY" missed="3" covered="0"/><counter type="METHOD" missed="1" covered="0"/></method><method name="lambda$dataCheckXProxy$3" desc="(Ljavafx/scene/input/KeyEvent;)V" line="179"><counter type="INSTRUCTION" missed="21" covered="0"/><counter type="BRANCH" missed="4" covered="0"/><counter type="LINE" missed="3" covered="0"/><counter type="COMPLEXITY" missed="3" covered="0"/><counter type="METHOD" missed="1" covered="0"/></method><method name="lambda$dataCheckXProxy$2" desc="(Ljavafx/scene/input/KeyEvent;)V" line="174"><counter type="INSTRUCTION" missed="21" covered="0"/><counter type="BRANCH" missed="4" covered="0"/><counter type="LINE" missed="3" covered="0"/><counter type="COMPLEXITY" missed="3" covered="0"/><counter type="METHOD" missed="1" covered="0"/></method><method name="lambda$dataCheckXProxy$1" desc="(Ljavafx/scene/input/KeyEvent;)V" line="169"><counter type="INSTRUCTION" missed="21" covered="0"/><counter type="BRANCH" missed="4" covered="0"/><counter type="LINE" missed="3" covered="0"/><counter type="COMPLEXITY" missed="3" covered="0"/><counter type="METHOD" missed="1" covered="0"/></method><method name="lambda$setButtonActions$0" desc="(Ljavafx/event/ActionEvent;)V" line="162"><counter type="INSTRUCTION" missed="3" covered="0"/><counter type="LINE" missed="1" covered="0"/><counter type="COMPLEXITY" missed="1" covered="0"/><counter type="METHOD" missed="1" covered="0"/></method><method name="&lt;clinit&gt;" desc="()V" line="56"><counter type="INSTRUCTION" missed="0" covered="9"/><counter type="LINE" missed="0" covered="3"/><counter type="COMPLEXITY" missed="0" covered="1"/><counter type="METHOD" missed="0" covered="1"/></method><counter type="INSTRUCTION" missed="1335" covered="802"/><counter type="BRANCH" missed="114" covered="22"/><counter type="LINE" missed="221" covered="151"/><counter type="COMPLEXITY" missed="97" covered="40"/><counter type="METHOD" missed="39" covered="30"/><counter type="CLASS" missed="0" covered="1"/></class><class name="com/example/finaljavafxjunit/DefaultApplicationLauncher" sourcefilename="DefaultApplicationLauncher.java"><method name="&lt;init&gt;" desc="(Lcom/example/finaljavafxjunit/ApplicationLauncher;)V" line="10"><counter type="INSTRUCTION" missed="6" covered="0"/><counter type="LINE" missed="3" covered="0"/><counter type="COMPLEXITY" missed="1" covered="0"/><counter type="METHOD" missed="1" covered="0"/></method><method name="launch" desc="([Ljava/lang/String;)V" line="15"><counter type="INSTRUCTION" missed="4" covered="0"/><counter type="LINE" missed="2" covered="0"/><counter type="COMPLEXITY" missed="1" covered="0"/><counter type="METHOD" missed="1" covered="0"/></method><counter type="INSTRUCTION" missed="10" covered="0"/><counter type="LINE" missed="5" covered="0"/><counter type="COMPLEXITY" missed="2" covered="0"/><counter type="METHOD" missed="2" covered="0"/><counter type="CLASS" missed="1" covered="0"/></class><class name="com/example/finaljavafxjunit/FXApplication" sourcefilename="FXApplication.java"><method name="&lt;init&gt;" desc="()V" line="12"><counter type="INSTRUCTION" missed="3" covered="0"/><counter type="LINE" missed="1" covered="0"/><counter type="COMPLEXITY" missed="1" covered="0"/><counter type="METHOD" missed="1" covered="0"/></method><method name="start" desc="(Ljavafx/stage/Stage;)V" line="25"><counter type="INSTRUCTION" missed="8" covered="0"/><counter type="LINE" missed="4" covered="0"/><counter type="COMPLEXITY" missed="1" covered="0"/><counter type="METHOD" missed="1" covered="0"/></method><method name="loadMainScene" desc="()V" line="35"><counter type="INSTRUCTION" missed="27" covered="0"/><counter type="LINE" missed="6" covered="0"/><counter type="COMPLEXITY" missed="1" covered="0"/><counter type="METHOD" missed="1" covered="0"/></method><method name="showPrimaryStage" desc="()V" line="43"><counter type="INSTRUCTION" missed="8" covered="0"/><counter type="LINE" missed="3" covered="0"/><counter type="COMPLEXITY" missed="1" covered="0"/><counter type="METHOD" missed="1" covered="0"/></method><method name="execute" desc="([Ljava/lang/String;Lcom/example/finaljavafxjunit/ApplicationLauncher;)V" line="54"><counter type="INSTRUCTION" missed="16" covered="0"/><counter type="BRANCH" missed="2" covered="0"/><counter type="LINE" missed="6" covered="0"/><counter type="COMPLEXITY" missed="2" covered="0"/><counter type="METHOD" missed="1" covered="0"/></method><method name="keywordLaunch" desc="([Ljava/lang/String;)Z" line="65"><counter type="INSTRUCTION" missed="13" covered="0"/><counter type="BRANCH" missed="4" covered="0"/><counter type="LINE" missed="1" covered="0"/><counter type="COMPLEXITY" missed="3" covered="0"/><counter type="METHOD" missed="1" covered="0"/></method><method name="&lt;clinit&gt;" desc="()V" line="20"><counter type="INSTRUCTION" missed="5" covered="0"/><counter type="LINE" missed="1" covered="0"/><counter type="COMPLEXITY" missed="1" covered="0"/><counter type="METHOD" missed="1" covered="0"/></method><counter type="INSTRUCTION" missed="80" covered="0"/><counter type="BRANCH" missed="6" covered="0"/><counter type="LINE" missed="22" covered="0"/><counter type="COMPLEXITY" missed="10" covered="0"/><counter type="METHOD" missed="7" covered="0"/><counter type="CLASS" missed="1" covered="0"/></class><sourcefile name="ApplicationLauncher.java"/><sourcefile name="Launcher.java"><line nr="3" mi="3" ci="0" mb="0" cb="0"/><line nr="10" mi="5" ci="0" mb="0" cb="0"/><line nr="13" mi="3" ci="0" mb="0" cb="0"/><line nr="14" mi="1" ci="0" mb="0" cb="0"/><counter type="INSTRUCTION" missed="12" covered="0"/><counter type="LINE" missed="4" covered="0"/><counter type="COMPLEXITY" missed="2" covered="0"/><counter type="METHOD" missed="2" covered="0"/><counter type="CLASS" missed="1" covered="0"/></sourcefile><sourcefile name="InfoController.java"><line nr="25" mi="2" ci="0" mb="0" cb="0"/><line nr="52" mi="6" ci="0" mb="0" cb="0"/><line nr="57" mi="5" ci="0" mb="0" cb="0"/><line nr="61" mi="2" ci="0" mb="0" cb="0"/><line nr="62" mi="2" ci="0" mb="0" cb="0"/><line nr="63" mi="2" ci="0" mb="0" cb="0"/><line nr="64" mi="2" ci="0" mb="0" cb="0"/><line nr="65" mi="2" ci="0" mb="0" cb="0"/><line nr="67" mi="2" ci="0" mb="0" cb="0"/><line nr="68" mi="4" ci="0" mb="0" cb="0"/><line nr="69" mi="1" ci="0" mb="0" cb="0"/><line nr="70" mi="3" ci="0" mb="0" cb="0"/><line nr="71" mi="1" ci="0" mb="0" cb="0"/><line nr="72" mi="1" ci="0" mb="0" cb="0"/><line nr="74" mi="7" ci="0" mb="0" cb="0"/><line nr="75" mi="7" ci="0" mb="0" cb="0"/><line nr="76" mi="7" ci="0" mb="0" cb="0"/><line nr="77" mi="1" ci="0" mb="0" cb="0"/><line nr="79" mi="7" ci="0" mb="0" cb="0"/><line nr="80" mi="7" ci="0" mb="0" cb="0"/><line nr="81" mi="7" ci="0" mb="0" cb="0"/><line nr="82" mi="7" ci="0" mb="0" cb="0"/><line nr="83" mi="7" ci="0" mb="0" cb="0"/><line nr="84" mi="7" ci="0" mb="0" cb="0"/><line nr="85" mi="1" ci="0" mb="0" cb="0"/><line nr="87" mi="7" ci="0" mb="0" cb="0"/><line nr="88" mi="7" ci="0" mb="0" cb="0"/><line nr="89" mi="1" ci="0" mb="0" cb="0"/><line nr="91" mi="7" ci="0" mb="0" cb="0"/><line nr="92" mi="7" ci="0" mb="0" cb="0"/><line nr="93" mi="7" ci="0" mb="0" cb="0"/><line nr="94" mi="7" ci="0" mb="0" cb="0"/><line nr="95" mi="7" ci="0" mb="0" cb="0"/><line nr="96" mi="7" ci="0" mb="0" cb="0"/><line nr="97" mi="1" ci="0" mb="0" cb="0"/><line nr="99" mi="8" ci="0" mb="0" cb="0"/><line nr="100" mi="8" ci="0" mb="0" cb="0"/><line nr="101" mi="1" ci="0" mb="0" cb="0"/><line nr="104" mi="5" ci="0" mb="0" cb="0"/><line nr="105" mi="7" ci="0" mb="0" cb="0"/><line nr="106" mi="1" ci="0" mb="0" cb="0"/><line nr="108" mi="5" ci="0" mb="0" cb="0"/><line nr="109" mi="7" ci="0" mb="0" cb="0"/><line nr="110" mi="1" ci="0" mb="0" cb="0"/><line nr="112" mi="5" ci="0" mb="0" cb="0"/><line nr="113" mi="8" ci="0" mb="0" cb="0"/><line nr="114" mi="4" ci="0" mb="0" cb="0"/><line nr="116" mi="5" ci="0" mb="2" cb="0"/><line nr="117" mi="5" ci="0" mb="0" cb="0"/><line nr="121" mi="6" ci="0" mb="0" cb="0"/><line nr="123" mi="1" ci="0" mb="0" cb="0"/><line nr="124" mi="5" ci="0" mb="0" cb="0"/><line nr="125" mi="3" ci="0" mb="0" cb="0"/><line nr="126" mi="1" ci="0" mb="0" cb="0"/><line nr="127" mi="1" ci="0" mb="0" cb="0"/><line nr="169" mi="4" ci="0" mb="0" cb="0"/><line nr="170" mi="5" ci="0" mb="0" cb="0"/><line nr="171" mi="6" ci="0" mb="0" cb="0"/><line nr="173" mi="3" ci="0" mb="0" cb="0"/><line nr="175" mi="6" ci="0" mb="0" cb="0"/><line nr="177" mi="5" ci="0" mb="0" cb="0"/><line nr="179" mi="1" ci="0" mb="0" cb="0"/><line nr="180" mi="3" ci="0" mb="0" cb="0"/><line nr="181" mi="1" ci="0" mb="0" cb="0"/><line nr="182" mi="3" ci="0" mb="0" cb="0"/><line nr="185" mi="10" ci="0" mb="0" cb="0"/><line nr="186" mi="3" ci="0" mb="0" cb="0"/><line nr="187" mi="4" ci="0" mb="0" cb="0"/><line nr="188" mi="7" ci="0" mb="0" cb="0"/><line nr="191" mi="3" ci="0" mb="0" cb="0"/><line nr="192" mi="9" ci="0" mb="0" cb="0"/><line nr="193" mi="4" ci="0" mb="0" cb="0"/><line nr="196" mi="6" ci="0" mb="0" cb="0"/><line nr="197" mi="1" ci="0" mb="0" cb="0"/><line nr="199" mi="6" ci="0" mb="0" cb="0"/><line nr="200" mi="7" ci="0" mb="0" cb="0"/><line nr="201" mi="1" ci="0" mb="0" cb="0"/><line nr="204" mi="7" ci="0" mb="0" cb="0"/><line nr="205" mi="3" ci="0" mb="0" cb="0"/><line nr="206" mi="1" ci="0" mb="0" cb="0"/><line nr="209" mi="5" ci="0" mb="0" cb="0"/><line nr="210" mi="3" ci="0" mb="0" cb="0"/><line nr="211" mi="3" ci="0" mb="0" cb="0"/><line nr="212" mi="3" ci="0" mb="0" cb="0"/><line nr="213" mi="2" ci="0" mb="0" cb="0"/><line nr="216" mi="3" ci="0" mb="0" cb="0"/><line nr="217" mi="1" ci="0" mb="0" cb="0"/><line nr="221" mi="6" ci="0" mb="0" cb="0"/><line nr="222" mi="2" ci="0" mb="0" cb="0"/><line nr="223" mi="1" ci="0" mb="0" cb="0"/><counter type="INSTRUCTION" missed="383" covered="0"/><counter type="BRANCH" missed="2" covered="0"/><counter type="LINE" missed="90" covered="0"/><counter type="COMPLEXITY" missed="23" covered="0"/><counter type="METHOD" missed="22" covered="0"/><counter type="CLASS" missed="1" covered="0"/></sourcefile><sourcefile name="FXApplication.java"><line nr="12" mi="3" ci="0" mb="0" cb="0"/><line nr="20" mi="5" ci="0" mb="0" cb="0"/><line nr="25" mi="3" ci="0" mb="0" cb="0"/><line nr="28" mi="2" ci="0" mb="0" cb="0"/><line nr="31" mi="2" ci="0" mb="0" cb="0"/><line nr="32" mi="1" ci="0" mb="0" cb="0"/><line nr="35" mi="8" ci="0" mb="0" cb="0"/><line nr="36" mi="4" ci="0" mb="0" cb="0"/><line nr="38" mi="5" ci="0" mb="0" cb="0"/><line nr="39" mi="5" ci="0" mb="0" cb="0"/><line nr="40" mi="4" ci="0" mb="0" cb="0"/><line nr="41" mi="1" ci="0" mb="0" cb="0"/><line nr="43" mi="4" ci="0" mb="0" cb="0"/><line nr="44" mi="3" ci="0" mb="0" cb="0"/><line nr="45" mi="1" ci="0" mb="0" cb="0"/><line nr="54" mi="3" ci="0" mb="2" cb="0"/><line nr="55" mi="3" ci="0" mb="0" cb="0"/><line nr="57" mi="4" ci="0" mb="0" cb="0"/><line nr="59" mi="3" ci="0" mb="0" cb="0"/><line nr="60" mi="2" ci="0" mb="0" cb="0"/><line nr="62" mi="1" ci="0" mb="0" cb="0"/><line nr="65" mi="13" ci="0" mb="4" cb="0"/><counter type="INSTRUCTION" missed="80" covered="0"/><counter type="BRANCH" missed="6" covered="0"/><counter type="LINE" missed="22" covered="0"/><counter type="COMPLEXITY" missed="10" covered="0"/><counter type="METHOD" missed="7" covered="0"/><counter type="CLASS" missed="1" covered="0"/></sourcefile><sourcefile name="Controller.java"><line nr="30" mi="0" ci="2" mb="0" cb="0"/><line nr="56" mi="0" ci="2" mb="0" cb="0"/><line nr="57" mi="0" ci="2" mb="0" cb="0"/><line nr="60" mi="0" ci="6" mb="0" cb="0"/><line nr="69" mi="0" ci="5" mb="0" cb="0"/><line nr="74" mi="0" ci="2" mb="0" cb="0"/><line nr="75" mi="0" ci="11" mb="0" cb="0"/><line nr="77" mi="0" ci="20" mb="0" cb="0"/><line nr="79" mi="0" ci="8" mb="0" cb="0"/><line nr="81" mi="0" ci="20" mb="0" cb="0"/><line nr="84" mi="0" ci="2" mb="0" cb="0"/><line nr="85" mi="0" ci="2" mb="0" cb="0"/><line nr="86" mi="0" ci="2" mb="0" cb="0"/><line nr="87" mi="0" ci="2" mb="0" cb="0"/><line nr="89" mi="0" ci="2" mb="0" cb="0"/><line nr="91" mi="1" ci="0" mb="0" cb="0"/><line nr="92" mi="3" ci="0" mb="0" cb="0"/><line nr="93" mi="0" ci="1" mb="0" cb="0"/><line nr="94" mi="0" ci="1" mb="0" cb="0"/><line nr="97" mi="5" ci="0" mb="0" cb="0"/><line nr="98" mi="7" ci="0" mb="0" cb="0"/><line nr="99" mi="1" ci="0" mb="0" cb="0"/><line nr="103" mi="0" ci="4" mb="0" cb="0"/><line nr="104" mi="0" ci="4" mb="0" cb="0"/><line nr="105" mi="0" ci="4" mb="0" cb="0"/><line nr="107" mi="0" ci="7" mb="0" cb="0"/><line nr="108" mi="0" ci="7" mb="0" cb="0"/><line nr="109" mi="0" ci="7" mb="0" cb="0"/><line nr="110" mi="0" ci="1" mb="0" cb="0"/><line nr="116" mi="0" ci="4" mb="0" cb="0"/><line nr="117" mi="0" ci="4" mb="0" cb="0"/><line nr="118" mi="0" ci="4" mb="0" cb="0"/><line nr="119" mi="0" ci="4" mb="0" cb="0"/><line nr="120" mi="0" ci="4" mb="0" cb="0"/><line nr="121" mi="0" ci="4" mb="0" cb="0"/><line nr="123" mi="0" ci="7" mb="0" cb="0"/><line nr="124" mi="0" ci="7" mb="0" cb="0"/><line nr="125" mi="0" ci="7" mb="0" cb="0"/><line nr="126" mi="0" ci="7" mb="0" cb="0"/><line nr="127" mi="0" ci="7" mb="0" cb="0"/><line nr="128" mi="0" ci="7" mb="0" cb="0"/><line nr="129" mi="0" ci="1" mb="0" cb="0"/><line nr="132" mi="0" ci="4" mb="0" cb="0"/><line nr="133" mi="0" ci="4" mb="0" cb="0"/><line nr="135" mi="0" ci="7" mb="0" cb="0"/><line nr="136" mi="0" ci="7" mb="0" cb="0"/><line nr="137" mi="0" ci="1" mb="0" cb="0"/><line nr="142" mi="0" ci="4" mb="0" cb="0"/><line nr="143" mi="0" ci="4" mb="0" cb="0"/><line nr="144" mi="0" ci="4" mb="0" cb="0"/><line nr="145" mi="0" ci="4" mb="0" cb="0"/><line nr="146" mi="0" ci="4" mb="0" cb="0"/><line nr="147" mi="0" ci="4" mb="0" cb="0"/><line nr="149" mi="0" ci="7" mb="0" cb="0"/><line nr="150" mi="0" ci="7" mb="0" cb="0"/><line nr="151" mi="0" ci="7" mb="0" cb="0"/><line nr="152" mi="0" ci="7" mb="0" cb="0"/><line nr="153" mi="0" ci="7" mb="0" cb="0"/><line nr="154" mi="0" ci="7" mb="0" cb="0"/><line nr="155" mi="0" ci="1" mb="0" cb="0"/><line nr="158" mi="0" ci="5" mb="0" cb="0"/><line nr="159" mi="0" ci="3" mb="0" cb="0"/><line nr="160" mi="0" ci="1" mb="0" cb="0"/><line nr="162" mi="3" ci="5" mb="0" cb="0"/><line nr="163" mi="0" ci="1" mb="0" cb="0"/><line nr="168" mi="0" ci="5" mb="0" cb="0"/><line nr="169" mi="11" ci="0" mb="4" cb="0"/><line nr="170" mi="9" ci="0" mb="0" cb="0"/><line nr="172" mi="1" ci="0" mb="0" cb="0"/><line nr="173" mi="0" ci="5" mb="0" cb="0"/><line nr="174" mi="11" ci="0" mb="4" cb="0"/><line nr="175" mi="9" ci="0" mb="0" cb="0"/><line nr="177" mi="1" ci="0" mb="0" cb="0"/><line nr="178" mi="0" ci="5" mb="0" cb="0"/><line nr="179" mi="11" ci="0" mb="4" cb="0"/><line nr="180" mi="9" ci="0" mb="0" cb="0"/><line nr="182" mi="1" ci="0" mb="0" cb="0"/><line nr="183" mi="0" ci="1" mb="0" cb="0"/><line nr="187" mi="0" ci="5" mb="0" cb="0"/><line nr="188" mi="11" ci="0" mb="4" cb="0"/><line nr="189" mi="9" ci="0" mb="0" cb="0"/><line nr="191" mi="1" ci="0" mb="0" cb="0"/><line nr="192" mi="0" ci="5" mb="0" cb="0"/><line nr="193" mi="11" ci="0" mb="4" cb="0"/><line nr="194" mi="9" ci="0" mb="0" cb="0"/><line nr="196" mi="1" ci="0" mb="0" cb="0"/><line nr="197" mi="0" ci="5" mb="0" cb="0"/><line nr="198" mi="11" ci="0" mb="4" cb="0"/><line nr="199" mi="9" ci="0" mb="0" cb="0"/><line nr="201" mi="1" ci="0" mb="0" cb="0"/><line nr="202" mi="0" ci="5" mb="0" cb="0"/><line nr="203" mi="11" ci="0" mb="4" cb="0"/><line nr="204" mi="9" ci="0" mb="0" cb="0"/><line nr="206" mi="1" ci="0" mb="0" cb="0"/><line nr="207" mi="0" ci="5" mb="0" cb="0"/><line nr="208" mi="11" ci="0" mb="4" cb="0"/><line nr="209" mi="9" ci="0" mb="0" cb="0"/><line nr="211" mi="1" ci="0" mb="0" cb="0"/><line nr="212" mi="0" ci="5" mb="0" cb="0"/><line nr="213" mi="11" ci="0" mb="4" cb="0"/><line nr="214" mi="9" ci="0" mb="0" cb="0"/><line nr="216" mi="1" ci="0" mb="0" cb="0"/><line nr="217" mi="0" ci="1" mb="0" cb="0"/><line nr="221" mi="0" ci="5" mb="0" cb="0"/><line nr="222" mi="11" ci="0" mb="4" cb="0"/><line nr="223" mi="9" ci="0" mb="0" cb="0"/><line nr="225" mi="1" ci="0" mb="0" cb="0"/><line nr="226" mi="0" ci="5" mb="0" cb="0"/><line nr="227" mi="11" ci="0" mb="4" cb="0"/><line nr="228" mi="9" ci="0" mb="0" cb="0"/><line nr="230" mi="1" ci="0" mb="0" cb="0"/><line nr="231" mi="0" ci="1" mb="0" cb="0"/><line nr="235" mi="0" ci="5" mb="0" cb="0"/><line nr="236" mi="11" ci="0" mb="4" cb="0"/><line nr="237" mi="9" ci="0" mb="0" cb="0"/><line nr="239" mi="1" ci="0" mb="0" cb="0"/><line nr="240" mi="0" ci="5" mb="0" cb="0"/><line nr="241" mi="11" ci="0" mb="4" cb="0"/><line nr="242" mi="9" ci="0" mb="0" cb="0"/><line nr="244" mi="1" ci="0" mb="0" cb="0"/><line nr="245" mi="0" ci="5" mb="0" cb="0"/><line nr="246" mi="11" ci="0" mb="4" cb="0"/><line nr="247" mi="9" ci="0" mb="0" cb="0"/><line nr="249" mi="1" ci="0" mb="0" cb="0"/><line nr="250" mi="0" ci="5" mb="0" cb="0"/><line nr="251" mi="11" ci="0" mb="4" cb="0"/><line nr="252" mi="9" ci="0" mb="0" cb="0"/><line nr="254" mi="1" ci="0" mb="0" cb="0"/><line nr="255" mi="0" ci="5" mb="0" cb="0"/><line nr="256" mi="11" ci="0" mb="4" cb="0"/><line nr="257" mi="9" ci="0" mb="0" cb="0"/><line nr="259" mi="1" ci="0" mb="0" cb="0"/><line nr="260" mi="0" ci="5" mb="0" cb="0"/><line nr="261" mi="11" ci="0" mb="4" cb="0"/><line nr="262" mi="9" ci="0" mb="0" cb="0"/><line nr="264" mi="1" ci="0" mb="0" cb="0"/><line nr="265" mi="0" ci="1" mb="0" cb="0"/><line nr="269" mi="0" ci="90" mb="1" cb="1"/><line nr="274" mi="0" ci="6" mb="0" cb="0"/><line nr="275" mi="0" ci="1" mb="0" cb="0"/><line nr="278" mi="9" ci="0" mb="2" cb="0"/><line nr="279" mi="12" ci="0" mb="0" cb="0"/><line nr="280" mi="24" ci="0" mb="0" cb="0"/><line nr="281" mi="2" ci="0" mb="0" cb="0"/><line nr="282" mi="6" ci="0" mb="0" cb="0"/><line nr="284" mi="6" ci="0" mb="0" cb="0"/><line nr="285" mi="12" ci="0" mb="0" cb="0"/><line nr="286" mi="3" ci="0" mb="0" cb="0"/><line nr="288" mi="1" ci="0" mb="0" cb="0"/><line nr="291" mi="17" ci="0" mb="2" cb="0"/><line nr="292" mi="12" ci="0" mb="0" cb="0"/><line nr="293" mi="1" ci="0" mb="0" cb="0"/><line nr="295" mi="11" ci="0" mb="2" cb="0"/><line nr="296" mi="9" ci="0" mb="0" cb="0"/><line nr="297" mi="1" ci="0" mb="0" cb="0"/><line nr="299" mi="11" ci="0" mb="2" cb="0"/><line nr="300" mi="9" ci="0" mb="0" cb="0"/><line nr="301" mi="1" ci="0" mb="0" cb="0"/><line nr="304" mi="8" ci="0" mb="0" cb="0"/><line nr="305" mi="8" ci="0" mb="0" cb="0"/><line nr="306" mi="8" ci="0" mb="0" cb="0"/><line nr="308" mi="8" ci="0" mb="0" cb="0"/><line nr="309" mi="8" ci="0" mb="0" cb="0"/><line nr="310" mi="8" ci="0" mb="0" cb="0"/><line nr="311" mi="8" ci="0" mb="0" cb="0"/><line nr="312" mi="8" ci="0" mb="0" cb="0"/><line nr="313" mi="8" ci="0" mb="0" cb="0"/><line nr="315" mi="8" ci="0" mb="0" cb="0"/><line nr="316" mi="8" ci="0" mb="0" cb="0"/><line nr="319" mi="2" ci="0" mb="0" cb="0"/><line nr="320" mi="6" ci="0" mb="0" cb="0"/><line nr="321" mi="2" ci="0" mb="0" cb="0"/><line nr="322" mi="1" ci="0" mb="0" cb="0"/><line nr="323" mi="7" ci="0" mb="0" cb="0"/><line nr="324" mi="5" ci="0" mb="0" cb="0"/><line nr="325" mi="1" ci="0" mb="0" cb="0"/><line nr="326" mi="1" ci="0" mb="0" cb="0"/><line nr="329" mi="0" ci="16" mb="0" cb="2"/><line nr="330" mi="0" ci="4" mb="0" cb="2"/><line nr="331" mi="0" ci="2" mb="0" cb="0"/><line nr="334" mi="0" ci="2" mb="0" cb="0"/><line nr="338" mi="0" ci="16" mb="0" cb="2"/><line nr="339" mi="0" ci="4" mb="0" cb="2"/><line nr="340" mi="0" ci="2" mb="0" cb="0"/><line nr="343" mi="0" ci="2" mb="0" cb="0"/><line nr="346" mi="16" ci="0" mb="2" cb="0"/><line nr="347" mi="4" ci="0" mb="2" cb="0"/><line nr="348" mi="2" ci="0" mb="0" cb="0"/><line nr="351" mi="2" ci="0" mb="0" cb="0"/><line nr="354" mi="0" ci="16" mb="0" cb="2"/><line nr="355" mi="0" ci="4" mb="0" cb="2"/><line nr="356" mi="0" ci="2" mb="0" cb="0"/><line nr="359" mi="0" ci="2" mb="0" cb="0"/><line nr="362" mi="16" ci="0" mb="2" cb="0"/><line nr="363" mi="4" ci="0" mb="2" cb="0"/><line nr="364" mi="2" ci="0" mb="0" cb="0"/><line nr="367" mi="2" ci="0" mb="0" cb="0"/><line nr="373" mi="0" ci="8" mb="0" cb="2"/><line nr="377" mi="8" ci="0" mb="2" cb="0"/><line nr="383" mi="0" ci="3" mb="0" cb="0"/><line nr="385" mi="0" ci="10" mb="1" cb="3"/><line nr="386" mi="0" ci="1" mb="0" cb="0"/><line nr="388" mi="0" ci="2" mb="0" cb="0"/><line nr="393" mi="0" ci="3" mb="0" cb="0"/><line nr="400" mi="3" ci="0" mb="0" cb="0"/><line nr="402" mi="9" ci="0" mb="4" cb="0"/><line nr="403" mi="1" ci="0" mb="0" cb="0"/><line nr="405" mi="2" ci="0" mb="0" cb="0"/><line nr="413" mi="30" ci="0" mb="2" cb="0"/><line nr="414" mi="6" ci="0" mb="0" cb="0"/><line nr="415" mi="1" ci="0" mb="0" cb="0"/><line nr="418" mi="35" ci="0" mb="2" cb="0"/><line nr="419" mi="6" ci="0" mb="0" cb="0"/><line nr="421" mi="15" ci="0" mb="0" cb="0"/><line nr="423" mi="1" ci="0" mb="0" cb="0"/><line nr="426" mi="6" ci="0" mb="2" cb="0"/><line nr="427" mi="9" ci="0" mb="0" cb="0"/><line nr="428" mi="1" ci="0" mb="0" cb="0"/><line nr="431" mi="8" ci="0" mb="0" cb="0"/><line nr="432" mi="8" ci="0" mb="0" cb="0"/><line nr="433" mi="8" ci="0" mb="0" cb="0"/><line nr="434" mi="8" ci="0" mb="0" cb="0"/><line nr="435" mi="8" ci="0" mb="0" cb="0"/><line nr="436" mi="8" ci="0" mb="0" cb="0"/><line nr="440" mi="2" ci="0" mb="0" cb="0"/><line nr="441" mi="6" ci="0" mb="0" cb="0"/><line nr="442" mi="2" ci="0" mb="0" cb="0"/><line nr="443" mi="1" ci="0" mb="0" cb="0"/><line nr="444" mi="7" ci="0" mb="0" cb="0"/><line nr="445" mi="5" ci="0" mb="0" cb="0"/><line nr="446" mi="1" ci="0" mb="0" cb="0"/><line nr="447" mi="1" ci="0" mb="0" cb="0"/><line nr="453" mi="0" ci="4" mb="0" cb="0"/><line nr="454" mi="0" ci="3" mb="0" cb="0"/><line nr="455" mi="0" ci="3" mb="0" cb="0"/><line nr="457" mi="0" ci="3" mb="0" cb="0"/><line nr="460" mi="0" ci="5" mb="0" cb="0"/><line nr="463" mi="0" ci="5" mb="0" cb="0"/><line nr="465" mi="0" ci="4" mb="0" cb="0"/><line nr="466" mi="0" ci="1" mb="0" cb="0"/><line nr="468" mi="3" ci="0" mb="0" cb="0"/><line nr="469" mi="2" ci="0" mb="0" cb="0"/><line nr="475" mi="0" ci="3" mb="0" cb="0"/><line nr="476" mi="0" ci="9" mb="0" cb="0"/><line nr="477" mi="0" ci="5" mb="0" cb="0"/><line nr="482" mi="7" ci="0" mb="0" cb="0"/><line nr="483" mi="7" ci="0" mb="0" cb="0"/><line nr="484" mi="8" ci="0" mb="0" cb="0"/><line nr="485" mi="2" ci="0" mb="0" cb="0"/><line nr="488" mi="0" ci="6" mb="0" cb="0"/><line nr="489" mi="7" ci="0" mb="0" cb="0"/><line nr="490" mi="1" ci="0" mb="0" cb="0"/><line nr="492" mi="0" ci="10" mb="0" cb="0"/><line nr="493" mi="0" ci="3" mb="0" cb="0"/><line nr="494" mi="0" ci="4" mb="0" cb="0"/><line nr="495" mi="0" ci="7" mb="0" cb="0"/><line nr="500" mi="0" ci="4" mb="0" cb="0"/><line nr="501" mi="0" ci="5" mb="0" cb="0"/><line nr="502" mi="0" ci="6" mb="0" cb="0"/><line nr="504" mi="0" ci="3" mb="0" cb="0"/><line nr="506" mi="0" ci="6" mb="0" cb="0"/><line nr="508" mi="0" ci="5" mb="0" cb="0"/><line nr="510" mi="1" ci="0" mb="0" cb="0"/><line nr="511" mi="3" ci="0" mb="0" cb="0"/><line nr="512" mi="0" ci="1" mb="0" cb="0"/><line nr="513" mi="0" ci="3" mb="0" cb="0"/><line nr="517" mi="0" ci="3" mb="0" cb="0"/><line nr="518" mi="0" ci="9" mb="0" cb="0"/><line nr="519" mi="0" ci="4" mb="0" cb="0"/><line nr="523" mi="0" ci="6" mb="0" cb="0"/><line nr="524" mi="0" ci="1" mb="0" cb="0"/><line nr="527" mi="6" ci="0" mb="0" cb="0"/><line nr="528" mi="7" ci="0" mb="0" cb="0"/><line nr="529" mi="1" ci="0" mb="0" cb="0"/><line nr="541" mi="0" ci="7" mb="0" cb="0"/><line nr="542" mi="3" ci="0" mb="0" cb="0"/><line nr="543" mi="1" ci="0" mb="0" cb="0"/><line nr="546" mi="0" ci="5" mb="0" cb="0"/><line nr="547" mi="0" ci="3" mb="0" cb="0"/><line nr="548" mi="0" ci="3" mb="0" cb="0"/><line nr="549" mi="0" ci="3" mb="0" cb="0"/><line nr="550" mi="0" ci="2" mb="0" cb="0"/><line nr="554" mi="5" ci="0" mb="0" cb="0"/><line nr="556" mi="4" ci="0" mb="0" cb="0"/><line nr="557" mi="5" ci="0" mb="0" cb="0"/><line nr="560" mi="5" ci="0" mb="0" cb="0"/><line nr="561" mi="4" ci="0" mb="0" cb="0"/><line nr="563" mi="4" ci="0" mb="0" cb="0"/><line nr="564" mi="2" ci="0" mb="0" cb="0"/><line nr="565" mi="1" ci="0" mb="0" cb="0"/><line nr="566" mi="3" ci="0" mb="0" cb="0"/><line nr="567" mi="1" ci="0" mb="0" cb="0"/><line nr="568" mi="1" ci="0" mb="0" cb="0"/><line nr="570" mi="6" ci="0" mb="0" cb="0"/><line nr="571" mi="7" ci="0" mb="0" cb="0"/><line nr="572" mi="1" ci="0" mb="0" cb="0"/><line nr="574" mi="0" ci="5" mb="0" cb="0"/><line nr="575" mi="0" ci="8" mb="0" cb="0"/><line nr="576" mi="0" ci="4" mb="0" cb="0"/><line nr="578" mi="0" ci="5" mb="0" cb="2"/><line nr="579" mi="0" ci="5" mb="0" cb="0"/><line nr="582" mi="0" ci="6" mb="0" cb="0"/><line nr="583" mi="0" ci="3" mb="0" cb="0"/><line nr="585" mi="0" ci="6" mb="0" cb="0"/><line nr="587" mi="0" ci="3" mb="0" cb="0"/><line nr="589" mi="0" ci="10" mb="0" cb="2"/><line nr="590" mi="0" ci="9" mb="0" cb="0"/><line nr="591" mi="0" ci="1" mb="0" cb="0"/><line nr="593" mi="1" ci="0" mb="0" cb="0"/><line nr="594" mi="3" ci="0" mb="0" cb="0"/><line nr="595" mi="0" ci="1" mb="0" cb="0"/><line nr="596" mi="0" ci="1" mb="0" cb="0"/><line nr="598" mi="6" ci="0" mb="0" cb="0"/><line nr="599" mi="6" ci="0" mb="0" cb="0"/><line nr="600" mi="1" ci="0" mb="0" cb="0"/><line nr="602" mi="6" ci="0" mb="2" cb="0"/><line nr="603" mi="19" ci="0" mb="0" cb="0"/><line nr="604" mi="34" ci="0" mb="0" cb="0"/><line nr="605" mi="14" ci="0" mb="0" cb="0"/><line nr="606" mi="2" ci="0" mb="2" cb="0"/><line nr="607" mi="4" ci="0" mb="0" cb="0"/><line nr="608" mi="7" ci="0" mb="0" cb="0"/><line nr="610" mi="4" ci="0" mb="0" cb="0"/><line nr="611" mi="6" ci="0" mb="0" cb="0"/><line nr="612" mi="2" ci="0" mb="0" cb="0"/><line nr="614" mi="1" ci="0" mb="0" cb="0"/><line nr="616" mi="6" ci="0" mb="2" cb="0"/><line nr="617" mi="34" ci="0" mb="0" cb="0"/><line nr="619" mi="2" ci="0" mb="2" cb="0"/><line nr="620" mi="4" ci="0" mb="0" cb="0"/><line nr="621" mi="7" ci="0" mb="0" cb="0"/><line nr="623" mi="4" ci="0" mb="0" cb="0"/><line nr="624" mi="6" ci="0" mb="0" cb="0"/><line nr="625" mi="2" ci="0" mb="0" cb="0"/><line nr="627" mi="1" ci="0" mb="0" cb="0"/><line nr="629" mi="16" ci="0" mb="2" cb="0"/><line nr="630" mi="3" ci="0" mb="0" cb="0"/><line nr="631" mi="2" ci="0" mb="2" cb="0"/><line nr="632" mi="6" ci="0" mb="0" cb="0"/><line nr="634" mi="5" ci="0" mb="0" cb="0"/><line nr="637" mi="1" ci="0" mb="0" cb="0"/><line nr="639" mi="16" ci="0" mb="2" cb="0"/><line nr="640" mi="3" ci="0" mb="0" cb="0"/><line nr="641" mi="2" ci="0" mb="2" cb="0"/><line nr="642" mi="6" ci="0" mb="0" cb="0"/><line nr="644" mi="5" ci="0" mb="0" cb="0"/><line nr="647" mi="1" ci="0" mb="0" cb="0"/><line nr="651" mi="3" ci="0" mb="0" cb="0"/><line nr="652" mi="3" ci="0" mb="0" cb="0"/><line nr="653" mi="4" ci="0" mb="0" cb="0"/><line nr="655" mi="4" ci="0" mb="0" cb="0"/><line nr="656" mi="3" ci="0" mb="0" cb="0"/><line nr="658" mi="3" ci="0" mb="0" cb="0"/><line nr="659" mi="6" ci="0" mb="0" cb="0"/><line nr="660" mi="2" ci="0" mb="0" cb="0"/><line nr="661" mi="1" ci="0" mb="0" cb="0"/><line nr="664" mi="4" ci="0" mb="0" cb="0"/><line nr="668" mi="8" ci="0" mb="0" cb="0"/><line nr="672" mi="4" ci="0" mb="0" cb="0"/><line nr="676" mi="2" ci="0" mb="0" cb="0"/><line nr="677" mi="3" ci="0" mb="0" cb="0"/><line nr="678" mi="1" ci="0" mb="0" cb="0"/><line nr="682" mi="4" ci="0" mb="0" cb="0"/><line nr="683" mi="8" ci="0" mb="0" cb="0"/><line nr="684" mi="4" ci="0" mb="0" cb="0"/><line nr="686" mi="4" ci="0" mb="0" cb="0"/><line nr="687" mi="2" ci="0" mb="0" cb="0"/><line nr="688" mi="3" ci="0" mb="0" cb="0"/><line nr="690" mi="3" ci="0" mb="0" cb="0"/><line nr="691" mi="6" ci="0" mb="0" cb="0"/><line nr="692" mi="2" ci="0" mb="0" cb="0"/><line nr="693" mi="1" ci="0" mb="0" cb="0"/><counter type="INSTRUCTION" missed="1335" covered="802"/><counter type="BRANCH" missed="114" covered="22"/><counter type="LINE" missed="221" covered="151"/><counter type="COMPLEXITY" missed="97" covered="40"/><counter type="METHOD" missed="39" covered="30"/><counter type="CLASS" missed="0" covered="1"/></sourcefile><sourcefile name="DefaultApplicationLauncher.java"><line nr="10" mi="2" ci="0" mb="0" cb="0"/><line nr="11" mi="3" ci="0" mb="0" cb="0"/><line nr="12" mi="1" ci="0" mb="0" cb="0"/><line nr="15" mi="3" ci="0" mb="0" cb="0"/><line nr="16" mi="1" ci="0" mb="0" cb="0"/><counter type="INSTRUCTION" missed="10" covered="0"/><counter type="LINE" missed="5" covered="0"/><counter type="COMPLEXITY" missed="2" covered="0"/><counter type="METHOD" missed="2" covered="0"/><counter type="CLASS" missed="1" covered="0"/></sourcefile><counter type="INSTRUCTION" missed="1820" covered="802"/><counter type="BRANCH" missed="122" covered="22"/><counter type="LINE" missed="342" covered="151"/><counter type="COMPLEXITY" missed="134" covered="40"/><counter type="METHOD" missed="72" covered="30"/><counter type="CLASS" missed="4" covered="1"/></package><counter type="INSTRUCTION" missed="1820" covered="802"/><counter type="BRANCH" missed="122" covered="22"/><counter type="LINE" missed="342" covered="151"/><counter type="COMPLEXITY" missed="134" covered="40"/><counter type="METHOD" missed="72" covered="30"/><counter type="CLASS" missed="4" covered="1"/></report>