<?xml version="1.0" encoding="UTF-8"?>
<testsuite xmlns:xsi="http://www.w3.org/2001/XMLSchema-instance" xsi:noNamespaceSchemaLocation="https://maven.apache.org/surefire/maven-surefire-plugin/xsd/surefire-test-report-3.0.xsd" version="3.0" name="com.example.finaljavafxjunit.ControllerTest" time="25.093" tests="15" errors="0" skipped="0" failures="0">
  <properties>
[...]
</properties>
  <testcase name="testIsValidInteger_WhenParsingExceptionThrown_ReturnsFalse" classname="com.example.finaljavafxjunit.ControllerTest" time="9.167">
    <system-out><![CDATA[jms-provider.hostname = host jms final
jms-provider.password = password
jms-provider.port = 65535
jms-provider.topic-pub = JMS Publish Message
jms-provider.topic-sub = pub topic
jms-provider.username = jms provider user1
xdataserver.api-token = jms safe
xdataserver.data-provider = all methods
xdataserver.hostname = data server
xdataserver.http-port = 65535
xdataserver.server-name = testing
xdataserver.version = from NonModular Junit
xjms.debug-level = Medium
xjms.lifesign-interval = 120
xproxy.http-port = 1234
xproxy.ip = create new file
xproxy.version = refactoring last DONE
]]></system-out>
    <system-err><![CDATA[Feb 12, 2025 7:49:58 AM com.sun.javafx.application.PlatformImpl startup
WARNING: Unsupported JavaFX configuration: classes were loaded from 'unnamed module @7e32c033'
Feb 12, 2025 7:50:03 AM com.example.finaljavafxjunit.Controller loadPropertiesFromFile
INFO: Decrypted Properties : 

]]></system-err>
  </testcase>
  <testcase name="testSaveDataPropertiesWithEmptyFields_HaveInvalidString" classname="com.example.finaljavafxjunit.ControllerTest" time="2.162">
    <system-out><![CDATA[jms-provider.hostname = host jms final
jms-provider.password = password
jms-provider.port = 65535
jms-provider.topic-pub = JMS Publish Message
jms-provider.topic-sub = pub topic
jms-provider.username = jms provider user1
xdataserver.api-token = jms safe
xdataserver.data-provider = all methods
xdataserver.hostname = data server
xdataserver.http-port = 65535
xdataserver.server-name = testing
xdataserver.version = from NonModular Junit
xjms.debug-level = Medium
xjms.lifesign-interval = 120
xproxy.http-port = 1234
xproxy.ip = create new file
xproxy.version = refactoring last DONE
]]></system-out>
    <system-err><![CDATA[Feb 12, 2025 7:50:10 AM com.example.finaljavafxjunit.Controller loadPropertiesFromFile
INFO: Decrypted Properties : 

]]></system-err>
  </testcase>
  <testcase name="testDecrypt_ExceptionHandling" classname="com.example.finaljavafxjunit.ControllerTest" time="1.271">
    <system-out><![CDATA[jms-provider.hostname = host jms final
jms-provider.password = password
jms-provider.port = 65535
jms-provider.topic-pub = JMS Publish Message
jms-provider.topic-sub = pub topic
jms-provider.username = jms provider user1
xdataserver.api-token = jms safe
xdataserver.data-provider = all methods
xdataserver.hostname = data server
xdataserver.http-port = 65535
xdataserver.server-name = testing
xdataserver.version = from NonModular Junit
xjms.debug-level = Medium
xjms.lifesign-interval = 120
xproxy.http-port = 1234
xproxy.ip = create new file
xproxy.version = refactoring last DONE
]]></system-out>
    <system-err><![CDATA[Feb 12, 2025 7:50:11 AM com.example.finaljavafxjunit.Controller loadPropertiesFromFile
INFO: Decrypted Properties : 

Feb 12, 2025 7:50:11 AM com.example.finaljavafxjunit.Controller handleEncryptionException
SEVERE: Error encrypting properties
]]></system-err>
  </testcase>
  <testcase name="testAreTextFieldsValidInteger_WhenAnyInvalid_ReturnsFalse" classname="com.example.finaljavafxjunit.ControllerTest" time="0.788">
    <system-out><![CDATA[jms-provider.hostname = host jms final
jms-provider.password = password
jms-provider.port = 65535
jms-provider.topic-pub = JMS Publish Message
jms-provider.topic-sub = pub topic
jms-provider.username = jms provider user1
xdataserver.api-token = jms safe
xdataserver.data-provider = all methods
xdataserver.hostname = data server
xdataserver.http-port = 65535
xdataserver.server-name = testing
xdataserver.version = from NonModular Junit
xjms.debug-level = Medium
xjms.lifesign-interval = 120
xproxy.http-port = 1234
xproxy.ip = create new file
xproxy.version = refactoring last DONE
]]></system-out>
    <system-err><![CDATA[Feb 12, 2025 7:50:12 AM com.example.finaljavafxjunit.Controller loadPropertiesFromFile
INFO: Decrypted Properties : 

]]></system-err>
  </testcase>
  <testcase name="testLogicDataCheckXProxy" classname="com.example.finaljavafxjunit.ControllerTest" time="3.132">
    <system-out><![CDATA[jms-provider.hostname = host jms final
jms-provider.password = password
jms-provider.port = 65535
jms-provider.topic-pub = JMS Publish Message
jms-provider.topic-sub = pub topic
jms-provider.username = jms provider user1
xdataserver.api-token = jms safe
xdataserver.data-provider = all methods
xdataserver.hostname = data server
xdataserver.http-port = 65535
xdataserver.server-name = testing
xdataserver.version = from NonModular Junit
xjms.debug-level = Medium
xjms.lifesign-interval = 120
xproxy.http-port = 1234
xproxy.ip = create new file
xproxy.version = refactoring last DONE
]]></system-out>
    <system-err><![CDATA[Feb 12, 2025 7:50:13 AM com.example.finaljavafxjunit.Controller loadPropertiesFromFile
INFO: Decrypted Properties : 

]]></system-err>
  </testcase>
  <testcase name="testAreTextFieldsValidString_WhenAllValid_ReturnsTrue" classname="com.example.finaljavafxjunit.ControllerTest" time="0.755">
    <system-out><![CDATA[jms-provider.hostname = host jms final
jms-provider.password = password
jms-provider.port = 65535
jms-provider.topic-pub = JMS Publish Message
jms-provider.topic-sub = pub topic
jms-provider.username = jms provider user1
xdataserver.api-token = jms safe
xdataserver.data-provider = all methods
xdataserver.hostname = data server
xdataserver.http-port = 65535
xdataserver.server-name = testing
xdataserver.version = from NonModular Junit
xjms.debug-level = Medium
xjms.lifesign-interval = 120
xproxy.http-port = 1234
xproxy.ip = create new file
xproxy.version = refactoring last DONE
]]></system-out>
    <system-err><![CDATA[Feb 12, 2025 7:50:16 AM com.example.finaljavafxjunit.Controller loadPropertiesFromFile
INFO: Decrypted Properties : 

]]></system-err>
  </testcase>
  <testcase name="testAreTextFieldsValidString_WhenAnyInvalid_ReturnsFalse" classname="com.example.finaljavafxjunit.ControllerTest" time="0.614">
    <system-out><![CDATA[jms-provider.hostname = host jms final
jms-provider.password = password
jms-provider.port = 65535
jms-provider.topic-pub = JMS Publish Message
jms-provider.topic-sub = pub topic
jms-provider.username = jms provider user1
xdataserver.api-token = jms safe
xdataserver.data-provider = all methods
xdataserver.hostname = data server
xdataserver.http-port = 65535
xdataserver.server-name = testing
xdataserver.version = from NonModular Junit
xjms.debug-level = Medium
xjms.lifesign-interval = 120
xproxy.http-port = 1234
xproxy.ip = create new file
xproxy.version = refactoring last DONE
]]></system-out>
    <system-err><![CDATA[Feb 12, 2025 7:50:17 AM com.example.finaljavafxjunit.Controller loadPropertiesFromFile
INFO: Decrypted Properties : 

]]></system-err>
  </testcase>
  <testcase name="testParseInteger_WhenValidInteger_ReturnsParsedValue" classname="com.example.finaljavafxjunit.ControllerTest" time="1.761">
    <system-out><![CDATA[jms-provider.hostname = host jms final
jms-provider.password = password
jms-provider.port = 65535
jms-provider.topic-pub = JMS Publish Message
jms-provider.topic-sub = pub topic
jms-provider.username = jms provider user1
xdataserver.api-token = jms safe
xdataserver.data-provider = all methods
xdataserver.hostname = data server
xdataserver.http-port = 65535
xdataserver.server-name = testing
xdataserver.version = from NonModular Junit
xjms.debug-level = Medium
xjms.lifesign-interval = 120
xproxy.http-port = 1234
xproxy.ip = create new file
xproxy.version = refactoring last DONE
]]></system-out>
    <system-err><![CDATA[Feb 12, 2025 7:50:17 AM com.example.finaljavafxjunit.Controller loadPropertiesFromFile
INFO: Decrypted Properties : 

]]></system-err>
  </testcase>
  <testcase name="testParseInteger_WhenInvalidInteger_ThrowsNumberFormatException" classname="com.example.finaljavafxjunit.ControllerTest" time="0.58">
    <system-out><![CDATA[jms-provider.hostname = host jms final
jms-provider.password = password
jms-provider.port = 65535
jms-provider.topic-pub = JMS Publish Message
jms-provider.topic-sub = pub topic
jms-provider.username = jms provider user1
xdataserver.api-token = jms safe
xdataserver.data-provider = all methods
xdataserver.hostname = data server
xdataserver.http-port = 65535
xdataserver.server-name = testing
xdataserver.version = from NonModular Junit
xjms.debug-level = Medium
xjms.lifesign-interval = 120
xproxy.http-port = 1234
xproxy.ip = create new file
xproxy.version = refactoring last DONE
]]></system-out>
    <system-err><![CDATA[Feb 12, 2025 7:50:19 AM com.example.finaljavafxjunit.Controller loadPropertiesFromFile
INFO: Decrypted Properties : 

]]></system-err>
  </testcase>
  <testcase name="testAreTextFieldsEmpty_WhenAllEmpty_ReturnsTrue" classname="com.example.finaljavafxjunit.ControllerTest" time="0.584">
    <system-out><![CDATA[jms-provider.hostname = host jms final
jms-provider.password = password
jms-provider.port = 65535
jms-provider.topic-pub = JMS Publish Message
jms-provider.topic-sub = pub topic
jms-provider.username = jms provider user1
xdataserver.api-token = jms safe
xdataserver.data-provider = all methods
xdataserver.hostname = data server
xdataserver.http-port = 65535
xdataserver.server-name = testing
xdataserver.version = from NonModular Junit
xjms.debug-level = Medium
xjms.lifesign-interval = 120
xproxy.http-port = 1234
xproxy.ip = create new file
xproxy.version = refactoring last DONE
]]></system-out>
    <system-err><![CDATA[Feb 12, 2025 7:50:20 AM com.example.finaljavafxjunit.Controller loadPropertiesFromFile
INFO: Decrypted Properties : 

]]></system-err>
  </testcase>
  <testcase name="testAreTextFieldsEmpty_WhenAnyNotEmpty_ReturnsFalse" classname="com.example.finaljavafxjunit.ControllerTest" time="0.54">
    <system-out><![CDATA[jms-provider.hostname = host jms final
jms-provider.password = password
jms-provider.port = 65535
jms-provider.topic-pub = JMS Publish Message
jms-provider.topic-sub = pub topic
jms-provider.username = jms provider user1
xdataserver.api-token = jms safe
xdataserver.data-provider = all methods
xdataserver.hostname = data server
xdataserver.http-port = 65535
xdataserver.server-name = testing
xdataserver.version = from NonModular Junit
xjms.debug-level = Medium
xjms.lifesign-interval = 120
xproxy.http-port = 1234
xproxy.ip = create new file
xproxy.version = refactoring last DONE
]]></system-out>
    <system-err><![CDATA[Feb 12, 2025 7:50:20 AM com.example.finaljavafxjunit.Controller loadPropertiesFromFile
INFO: Decrypted Properties : 

]]></system-err>
  </testcase>
  <testcase name="testEncrypt_WhenValidValue_ReturnsEncryptedString" classname="com.example.finaljavafxjunit.ControllerTest" time="0.835">
    <system-out><![CDATA[jms-provider.hostname = host jms final
jms-provider.password = password
jms-provider.port = 65535
jms-provider.topic-pub = JMS Publish Message
jms-provider.topic-sub = pub topic
jms-provider.username = jms provider user1
xdataserver.api-token = jms safe
xdataserver.data-provider = all methods
xdataserver.hostname = data server
xdataserver.http-port = 65535
xdataserver.server-name = testing
xdataserver.version = from NonModular Junit
xjms.debug-level = Medium
xjms.lifesign-interval = 120
xproxy.http-port = 1234
xproxy.ip = create new file
xproxy.version = refactoring last DONE
]]></system-out>
    <system-err><![CDATA[Feb 12, 2025 7:50:21 AM com.example.finaljavafxjunit.Controller loadPropertiesFromFile
INFO: Decrypted Properties : 

]]></system-err>
  </testcase>
  <testcase name="testLogicDataCheckJmsProvider" classname="com.example.finaljavafxjunit.ControllerTest" time="0.64">
    <system-out><![CDATA[jms-provider.hostname = host jms final
jms-provider.password = password
jms-provider.port = 65535
jms-provider.topic-pub = JMS Publish Message
jms-provider.topic-sub = pub topic
jms-provider.username = jms provider user1
xdataserver.api-token = jms safe
xdataserver.data-provider = all methods
xdataserver.hostname = data server
xdataserver.http-port = 65535
xdataserver.server-name = testing
xdataserver.version = from NonModular Junit
xjms.debug-level = Medium
xjms.lifesign-interval = 120
xproxy.http-port = 1234
xproxy.ip = create new file
xproxy.version = refactoring last DONE
]]></system-out>
    <system-err><![CDATA[Feb 12, 2025 7:50:22 AM com.example.finaljavafxjunit.Controller loadPropertiesFromFile
INFO: Decrypted Properties : 

]]></system-err>
  </testcase>
  <testcase name="testAreTextFieldsValidInteger_WhenAllValid_ReturnsTrue" classname="com.example.finaljavafxjunit.ControllerTest" time="0.52">
    <system-out><![CDATA[jms-provider.hostname = host jms final
jms-provider.password = password
jms-provider.port = 65535
jms-provider.topic-pub = JMS Publish Message
jms-provider.topic-sub = pub topic
jms-provider.username = jms provider user1
xdataserver.api-token = jms safe
xdataserver.data-provider = all methods
xdataserver.hostname = data server
xdataserver.http-port = 65535
xdataserver.server-name = testing
xdataserver.version = from NonModular Junit
xjms.debug-level = Medium
xjms.lifesign-interval = 120
xproxy.http-port = 1234
xproxy.ip = create new file
xproxy.version = refactoring last DONE
]]></system-out>
    <system-err><![CDATA[Feb 12, 2025 7:50:22 AM com.example.finaljavafxjunit.Controller loadPropertiesFromFile
INFO: Decrypted Properties : 

]]></system-err>
  </testcase>
  <testcase name="testSaveDataPropertiesWithEmptyFields" classname="com.example.finaljavafxjunit.ControllerTest" time="0.492">
    <system-out><![CDATA[jms-provider.hostname = host jms final
jms-provider.password = password
jms-provider.port = 65535
jms-provider.topic-pub = JMS Publish Message
jms-provider.topic-sub = pub topic
jms-provider.username = jms provider user1
xdataserver.api-token = jms safe
xdataserver.data-provider = all methods
xdataserver.hostname = data server
xdataserver.http-port = 65535
xdataserver.server-name = testing
xdataserver.version = from NonModular Junit
xjms.debug-level = Medium
xjms.lifesign-interval = 120
xproxy.http-port = 1234
xproxy.ip = create new file
xproxy.version = refactoring last DONE
]]></system-out>
    <system-err><![CDATA[Feb 12, 2025 7:50:23 AM com.example.finaljavafxjunit.Controller loadPropertiesFromFile
INFO: Decrypted Properties : 

]]></system-err>
  </testcase>
</testsuite>